# JRE version: Java(TM) SE Runtime Environment (9.0+11) (build 9.0.4+11)
# Java VM: Java HotSpot(TM) 64-Bit Server VM (9.0.4+11, mixed mode, tiered, compressed oops, g1 gc, windows-amd64)
Heap:
 garbage-first heap   total 287744K, used 114525K [0x0000000700000000, 0x00000007001008c8, 0x00000007c0000000)
  region size 1024K, 27 young (27648K), 5 survivors (5120K)
 Metaspace       used 90997K, capacity 97826K, committed 98176K, reserved 1134592K
  class space    used 12672K, capacity 13857K, committed 13952K, reserved 1048576K
GC Heap History (10 events):
Event: 1248.573 GC heap before
{Heap before GC invocations=363 (full 15):
 garbage-first heap   total 287744K, used 149390K [0x0000000700000000, 0x00000007001008c8, 0x00000007c0000000)
  region size 1024K, 60 young (61440K), 2 survivors (2048K)
 Metaspace       used 90949K, capacity 97826K, committed 98176K, reserved 1134592K
  class space    used 12672K, capacity 13857K, committed 13952K, reserved 1048576K
}
Event: 1248.575 GC heap after
{Heap after GC invocations=364 (full 15):
 garbage-first heap   total 287744K, used 89901K [0x0000000700000000, 0x00000007001008c8, 0x00000007c0000000)
  region size 1024K, 2 young (2048K), 2 survivors (2048K)
 Metaspace       used 90949K, capacity 97826K, committed 98176K, reserved 1134592K
  class space    used 12672K, capacity 13857K, committed 13952K, reserved 1048576K
}
Event: 1279.810 GC heap before
{Heap before GC invocations=364 (full 15):
 garbage-first heap   total 287744K, used 149293K [0x0000000700000000, 0x00000007001008c8, 0x00000007c0000000)
  region size 1024K, 60 young (61440K), 2 survivors (2048K)
 Metaspace       used 90951K, capacity 97826K, committed 98176K, reserved 1134592K
  class space    used 12672K, capacity 13857K, committed 13952K, reserved 1048576K
}
Event: 1279.812 GC heap after
{Heap after GC invocations=365 (full 15):
 garbage-first heap   total 287744K, used 90148K [0x0000000700000000, 0x00000007001008c8, 0x00000007c0000000)
  region size 1024K, 2 young (2048K), 2 survivors (2048K)
 Metaspace       used 90951K, capacity 97826K, committed 98176K, reserved 1134592K
  class space    used 12672K, capacity 13857K, committed 13952K, reserved 1048576K
}
Event: 1290.777 GC heap before
{Heap before GC invocations=365 (full 15):
 garbage-first heap   total 287744K, used 149540K [0x0000000700000000, 0x00000007001008c8, 0x00000007c0000000)
  region size 1024K, 60 young (61440K), 2 survivors (2048K)
 Metaspace       used 90959K, capacity 97826K, committed 98176K, reserved 1134592K
  class space    used 12672K, capacity 13857K, committed 13952K, reserved 1048576K
}
Event: 1290.779 GC heap after
{Heap after GC invocations=366 (full 15):
 garbage-first heap   total 287744K, used 90172K [0x0000000700000000, 0x00000007001008c8, 0x00000007c0000000)
  region size 1024K, 2 young (2048K), 2 survivors (2048K)
 Metaspace       used 90959K, capacity 97826K, committed 98176K, reserved 1134592K
  class space    used 12672K, capacity 13857K, committed 13952K, reserved 1048576K
}
Event: 1292.802 GC heap before
{Heap before GC invocations=366 (full 15):
 garbage-first heap   total 287744K, used 149564K [0x0000000700000000, 0x00000007001008c8, 0x00000007c0000000)
  region size 1024K, 60 young (61440K), 2 survivors (2048K)
 Metaspace       used 90981K, capacity 97826K, committed 98176K, reserved 1134592K
  class space    used 12672K, capacity 13857K, committed 13952K, reserved 1048576K
}
Event: 1292.805 GC heap after
{Heap after GC invocations=367 (full 15):
 garbage-first heap   total 287744K, used 92741K [0x0000000700000000, 0x00000007001008c8, 0x00000007c0000000)
  region size 1024K, 5 young (5120K), 5 survivors (5120K)
 Metaspace       used 90981K, capacity 97826K, committed 98176K, reserved 1134592K
  class space    used 12672K, capacity 13857K, committed 13952K, reserved 1048576K
}
Event: 1295.826 GC heap before
{Heap before GC invocations=367 (full 15):
 garbage-first heap   total 287744K, used 149061K [0x0000000700000000, 0x00000007001008c8, 0x00000007c0000000)
  region size 1024K, 60 young (61440K), 5 survivors (5120K)
 Metaspace       used 90996K, capacity 97826K, committed 98176K, reserved 1134592K
  class space    used 12672K, capacity 13857K, committed 13952K, reserved 1048576K
}
Event: 1295.829 GC heap after
{Heap after GC invocations=368 (full 15):
 garbage-first heap   total 287744K, used 93021K [0x0000000700000000, 0x00000007001008c8, 0x00000007c0000000)
  region size 1024K, 5 young (5120K), 5 survivors (5120K)
 Metaspace       used 90996K, capacity 97826K, committed 98176K, reserved 1134592K
  class space    used 12672K, capacity 13857K, committed 13952K, reserved 1048576K
}

